2018-12-02 00:02:29.771
				INFO [Thread-7]o.s.b.w.s.c.AnnotationConfigServletWebServerApplicationContext.doClose:993 -Closing org.springframework.boot.web.servlet.context.AnnotationConfigServletWebServerApplicationContext@2c9af25e: startup date [Sat Dec 01 23:58:39 EST 2018]; root of context hierarchy
2018-12-02 00:02:29.775
				INFO [Thread-7]o.s.jmx.export.annotation.AnnotationMBeanExporter.destroy:451 -Unregistering JMX-exposed beans on shutdown
2018-12-02 00:02:29.776
				INFO [Thread-7]o.s.jmx.export.annotation.AnnotationMBeanExporter.unregisterBeans:183 -Unregistering JMX-exposed beans
2018-12-02 00:02:31.550
				INFO [restartedMain]net.xdclass.base_project.XdclassApplication.logStarting:50 -Starting XdclassApplication on DESKTOP-AGRRO4U with PID 10368 (E:\j2ee\workspace\base_project\target\classes started by Lee in E:\j2ee\workspace\base_project)
2018-12-02 00:02:31.551
				INFO [restartedMain]net.xdclass.base_project.XdclassApplication.logStartupProfileInfo:659 -No active profile set, falling back to default profiles: default
2018-12-02 00:02:31.555
				INFO [restartedMain]o.s.b.w.s.c.AnnotationConfigServletWebServerApplicationContext.prepareRefresh:590 -Refreshing org.springframework.boot.web.servlet.context.AnnotationConfigServletWebServerApplicationContext@5a8cf780: startup date [Sun Dec 02 00:02:31 EST 2018]; root of context hierarchy
2018-12-02 00:02:31.995
				INFO [restartedMain]o.s.d.repository.config.RepositoryConfigurationDelegate.multipleStoresDetected:163 -Multiple Spring Data modules found, entering strict repository configuration mode!
2018-12-02 00:02:32.014
				INFO [restartedMain]o.s.d.repository.config.RepositoryConfigurationDelegate.multipleStoresDetected:163 -Multiple Spring Data modules found, entering strict repository configuration mode!
2018-12-02 00:02:32.021
				INFO [restartedMain]o.s.d.r.config.RepositoryConfigurationExtensionSupport.isStrictRepositoryCandidate:297 -Spring Data Redis - Could not safely identify store assignment for repository candidate interface net.xdclass.base_project.repository.ArticleRepository.
2018-12-02 00:02:32.106
				INFO [restartedMain]o.s.c.s.PostProcessorRegistrationDelegate$BeanPostProcessorChecker.postProcessAfterInitialization:328 -Bean 'org.springframework.transaction.annotation.ProxyTransactionManagementConfiguration' of type [org.springframework.transaction.annotation.ProxyTransactionManagementConfiguration$$EnhancerBySpringCGLIB$$ebe971e5] is not eligible for getting processed by all BeanPostProcessors (for example: not eligible for auto-proxying)
2018-12-02 00:02:32.397
				INFO [restartedMain]o.s.boot.web.embedded.tomcat.TomcatWebServer.initialize:91 -Tomcat initialized with port(s): 8080 (http)
2018-12-02 00:02:32.397
				INFO [restartedMain]org.apache.coyote.http11.Http11NioProtocol.log:180 -Initializing ProtocolHandler ["http-nio-8080"]
2018-12-02 00:02:32.398
				INFO [restartedMain]org.apache.catalina.core.StandardService.log:180 -Starting service [Tomcat]
2018-12-02 00:02:32.398
				INFO [restartedMain]org.apache.catalina.core.StandardEngine.log:180 -Starting Servlet Engine: Apache Tomcat/8.5.29
2018-12-02 00:02:32.474
				INFO [localhost-startStop-1]o.a.catalina.core.ContainerBase.[Tomcat].[localhost].[/].log:180 -Initializing Spring embedded WebApplicationContext
2018-12-02 00:02:32.475
				INFO [localhost-startStop-1]org.springframework.web.context.ContextLoader.prepareWebApplicationContext:285 -Root WebApplicationContext: initialization completed in 920 ms
2018-12-02 00:02:32.515
				INFO [localhost-startStop-1]o.s.boot.web.servlet.ServletRegistrationBean.addRegistration:185 -Servlet dispatcherServlet mapped to [/]
2018-12-02 00:02:32.516
				INFO [localhost-startStop-1]o.s.boot.web.servlet.FilterRegistrationBean.configure:244 -Mapping filter: 'characterEncodingFilter' to: [/*]
2018-12-02 00:02:32.516
				INFO [localhost-startStop-1]o.s.boot.web.servlet.FilterRegistrationBean.configure:244 -Mapping filter: 'hiddenHttpMethodFilter' to: [/*]
2018-12-02 00:02:32.517
				INFO [localhost-startStop-1]o.s.boot.web.servlet.FilterRegistrationBean.configure:244 -Mapping filter: 'httpPutFormContentFilter' to: [/*]
2018-12-02 00:02:32.517
				INFO [localhost-startStop-1]o.s.boot.web.servlet.FilterRegistrationBean.configure:244 -Mapping filter: 'requestContextFilter' to: [/*]
2018-12-02 00:02:32.546
				INFO [restartedMain]org.elasticsearch.plugins.PluginsService.logPluginInfo:176 -no modules loaded
2018-12-02 00:02:32.547
				INFO [restartedMain]org.elasticsearch.plugins.PluginsService.logPluginInfo:179 -loaded plugin [org.elasticsearch.index.reindex.ReindexPlugin]
2018-12-02 00:02:32.547
				INFO [restartedMain]org.elasticsearch.plugins.PluginsService.logPluginInfo:179 -loaded plugin [org.elasticsearch.join.ParentJoinPlugin]
2018-12-02 00:02:32.547
				INFO [restartedMain]org.elasticsearch.plugins.PluginsService.logPluginInfo:179 -loaded plugin [org.elasticsearch.percolator.PercolatorPlugin]
2018-12-02 00:02:32.548
				INFO [restartedMain]org.elasticsearch.plugins.PluginsService.logPluginInfo:179 -loaded plugin [org.elasticsearch.script.mustache.MustachePlugin]
2018-12-02 00:02:32.548
				INFO [restartedMain]org.elasticsearch.plugins.PluginsService.logPluginInfo:179 -loaded plugin [org.elasticsearch.transport.Netty3Plugin]
2018-12-02 00:02:32.548
				INFO [restartedMain]org.elasticsearch.plugins.PluginsService.logPluginInfo:179 -loaded plugin [org.elasticsearch.transport.Netty4Plugin]
2018-12-02 00:02:32.581
				INFO [restartedMain]o.s.data.elasticsearch.client.TransportClientFactoryBean.buildClient:98 -adding transport node : localhost:9300
2018-12-02 00:02:32.853
				INFO [restartedMain]o.s.web.servlet.handler.SimpleUrlHandlerMapping.registerHandler:373 -Mapped URL path [/**/favicon.ico] onto handler of type [class org.springframework.web.servlet.resource.ResourceHttpRequestHandler]
2018-12-02 00:02:32.969
				INFO [restartedMain]o.s.w.s.m.method.annotation.RequestMappingHandlerAdapter.initControllerAdviceCache:574 -Looking for @ControllerAdvice: org.springframework.boot.web.servlet.context.AnnotationConfigServletWebServerApplicationContext@5a8cf780: startup date [Sun Dec 02 00:02:31 EST 2018]; root of context hierarchy
2018-12-02 00:02:32.981
				INFO [restartedMain]o.s.w.s.m.method.annotation.RequestMappingHandlerMapping.register:547 -Mapped "{[/api/v1/article/save],methods=[GET]}" onto public java.lang.Object net.xdclass.base_project.controller.ArticleController.save()
2018-12-02 00:02:32.989
				INFO [restartedMain]o.s.w.s.m.method.annotation.RequestMappingHandlerMapping.register:547 -Mapped "{[/api/v1/redis/add],methods=[GET]}" onto public java.lang.Object net.xdclass.base_project.controller.RedisTestController.add()
2018-12-02 00:02:32.990
				INFO [restartedMain]o.s.w.s.m.method.annotation.RequestMappingHandlerMapping.register:547 -Mapped "{[/api/v1/redis/get],methods=[GET]}" onto public java.lang.Object net.xdclass.base_project.controller.RedisTestController.get()
2018-12-02 00:02:32.990
				INFO [restartedMain]o.s.w.s.m.method.annotation.RequestMappingHandlerMapping.register:547 -Mapped "{[/api/v1/redis/setuser],methods=[GET]}" onto public java.lang.Object net.xdclass.base_project.controller.RedisTestController.setUser()
2018-12-02 00:02:32.990
				INFO [restartedMain]o.s.w.s.m.method.annotation.RequestMappingHandlerMapping.register:547 -Mapped "{[/api/v1/redis/getuser],methods=[GET]}" onto public java.lang.Object net.xdclass.base_project.controller.RedisTestController.getUser()
2018-12-02 00:02:32.991
				INFO [restartedMain]o.s.w.s.m.method.annotation.RequestMappingHandlerMapping.register:547 -Mapped "{[/api/v1/user/add],methods=[GET]}" onto public java.lang.Object net.xdclass.base_project.controller.UserController.add()
2018-12-02 00:02:32.992
				INFO [restartedMain]o.s.w.s.m.method.annotation.RequestMappingHandlerMapping.register:547 -Mapped "{[/api/v1/user/update],methods=[GET]}" onto public java.lang.Object net.xdclass.base_project.controller.UserController.update(java.lang.String,int)
2018-12-02 00:02:32.992
				INFO [restartedMain]o.s.w.s.m.method.annotation.RequestMappingHandlerMapping.register:547 -Mapped "{[/api/v1/user/findAll],methods=[GET]}" onto public java.lang.Object net.xdclass.base_project.controller.UserController.findAll()
2018-12-02 00:02:32.992
				INFO [restartedMain]o.s.w.s.m.method.annotation.RequestMappingHandlerMapping.register:547 -Mapped "{[/api/v1/user/findById],methods=[GET]}" onto public java.lang.Object net.xdclass.base_project.controller.UserController.findById(long)
2018-12-02 00:02:32.993
				INFO [restartedMain]o.s.w.s.m.method.annotation.RequestMappingHandlerMapping.register:547 -Mapped "{[/api/v1/user/transac],methods=[GET]}" onto public java.lang.Object net.xdclass.base_project.controller.UserController.transac()
2018-12-02 00:02:32.993
				INFO [restartedMain]o.s.w.s.m.method.annotation.RequestMappingHandlerMapping.register:547 -Mapped "{[/api/v1/user/del_by_id],methods=[GET]}" onto public java.lang.Object net.xdclass.base_project.controller.UserController.delById(long)
2018-12-02 00:02:32.993
				INFO [restartedMain]o.s.w.s.m.method.annotation.RequestMappingHandlerMapping.register:547 -Mapped "{[/api/v1/user/test/async],methods=[GET]}" onto public net.xdclass.base_project.domain.JsonData net.xdclass.base_project.controller.UserController.async()
2018-12-02 00:02:32.994
				INFO [restartedMain]o.s.w.s.m.method.annotation.RequestMappingHandlerMapping.register:547 -Mapped "{[/error]}" onto public org.springframework.http.ResponseEntity<java.util.Map<java.lang.String, java.lang.Object>> org.springframework.boot.autoconfigure.web.servlet.error.BasicErrorController.error(javax.servlet.http.HttpServletRequest)
2018-12-02 00:02:32.995
				INFO [restartedMain]o.s.w.s.m.method.annotation.RequestMappingHandlerMapping.register:547 -Mapped "{[/error],produces=[text/html]}" onto public org.springframework.web.servlet.ModelAndView org.springframework.boot.autoconfigure.web.servlet.error.BasicErrorController.errorHtml(javax.servlet.http.HttpServletRequest,javax.servlet.http.HttpServletResponse)
2018-12-02 00:02:33.012
				INFO [restartedMain]o.s.web.servlet.handler.SimpleUrlHandlerMapping.registerHandler:373 -Mapped URL path [/webjars/**] onto handler of type [class org.springframework.web.servlet.resource.ResourceHttpRequestHandler]
2018-12-02 00:02:33.012
				INFO [restartedMain]o.s.web.servlet.handler.SimpleUrlHandlerMapping.registerHandler:373 -Mapped URL path [/**] onto handler of type [class org.springframework.web.servlet.resource.ResourceHttpRequestHandler]
2018-12-02 00:02:33.125
				INFO [restartedMain]o.s.boot.devtools.autoconfigure.OptionalLiveReloadServer.startServer:57 -LiveReload server is running on port 35729
2018-12-02 00:02:33.143
				INFO [restartedMain]o.s.jmx.export.annotation.AnnotationMBeanExporter.afterSingletonsInstantiated:433 -Registering beans for JMX exposure on startup
2018-12-02 00:02:33.144
				INFO [restartedMain]o.s.jmx.export.annotation.AnnotationMBeanExporter.autodetect:895 -Bean with name 'dataSource' has been autodetected for JMX exposure
2018-12-02 00:02:33.146
				INFO [restartedMain]o.s.jmx.export.annotation.AnnotationMBeanExporter.registerBeanInstance:668 -Located MBean 'dataSource': registering with JMX server as MBean [com.alibaba.druid.pool:name=dataSource,type=DruidDataSource]
2018-12-02 00:02:33.153
				INFO [restartedMain]org.apache.coyote.http11.Http11NioProtocol.log:180 -Starting ProtocolHandler ["http-nio-8080"]
2018-12-02 00:02:33.156
				INFO [restartedMain]org.apache.tomcat.util.net.NioSelectorPool.log:180 -Using a shared selector for servlet write/read
2018-12-02 00:02:33.161
				INFO [restartedMain]o.s.boot.web.embedded.tomcat.TomcatWebServer.start:206 -Tomcat started on port(s): 8080 (http) with context path ''
2018-12-02 00:02:33.162
				INFO [restartedMain]net.xdclass.base_project.XdclassApplication.logStarted:59 -Started XdclassApplication in 1.68 seconds (JVM running for 236.103)
2018-12-02 00:02:33.166
				INFO [restartedMain]o.s.b.d.a.ConditionEvaluationDeltaLoggingListener.onApplicationEvent:56 -Condition evaluation unchanged
2018-12-02 00:02:39.093
				INFO [http-nio-8080-exec-1]o.a.catalina.core.ContainerBase.[Tomcat].[localhost].[/].log:180 -Initializing Spring FrameworkServlet 'dispatcherServlet'
2018-12-02 00:02:39.093
				INFO [http-nio-8080-exec-1]org.springframework.web.servlet.DispatcherServlet.initServletBean:494 -FrameworkServlet 'dispatcherServlet': initialization started
2018-12-02 00:02:39.098
				INFO [http-nio-8080-exec-1]org.springframework.web.servlet.DispatcherServlet.initServletBean:509 -FrameworkServlet 'dispatcherServlet': initialization completed in 5 ms
2018-12-02 00:08:59.050
				INFO [Thread-11]o.s.b.w.s.c.AnnotationConfigServletWebServerApplicationContext.doClose:993 -Closing org.springframework.boot.web.servlet.context.AnnotationConfigServletWebServerApplicationContext@5a8cf780: startup date [Sun Dec 02 00:02:31 EST 2018]; root of context hierarchy
2018-12-02 00:08:59.054
				INFO [Thread-11]o.s.jmx.export.annotation.AnnotationMBeanExporter.destroy:451 -Unregistering JMX-exposed beans on shutdown
2018-12-02 00:08:59.055
				INFO [Thread-11]o.s.jmx.export.annotation.AnnotationMBeanExporter.unregisterBeans:183 -Unregistering JMX-exposed beans
2018-12-02 00:09:00.572
				INFO [restartedMain]net.xdclass.base_project.XdclassApplication.logStarting:50 -Starting XdclassApplication on DESKTOP-AGRRO4U with PID 10368 (E:\j2ee\workspace\base_project\target\classes started by Lee in E:\j2ee\workspace\base_project)
2018-12-02 00:09:00.573
				INFO [restartedMain]net.xdclass.base_project.XdclassApplication.logStartupProfileInfo:659 -No active profile set, falling back to default profiles: default
2018-12-02 00:09:00.576
				INFO [restartedMain]o.s.b.w.s.c.AnnotationConfigServletWebServerApplicationContext.prepareRefresh:590 -Refreshing org.springframework.boot.web.servlet.context.AnnotationConfigServletWebServerApplicationContext@54935dc3: startup date [Sun Dec 02 00:09:00 EST 2018]; root of context hierarchy
2018-12-02 00:09:00.955
				INFO [restartedMain]o.s.d.repository.config.RepositoryConfigurationDelegate.multipleStoresDetected:163 -Multiple Spring Data modules found, entering strict repository configuration mode!
2018-12-02 00:09:00.972
				INFO [restartedMain]o.s.d.repository.config.RepositoryConfigurationDelegate.multipleStoresDetected:163 -Multiple Spring Data modules found, entering strict repository configuration mode!
2018-12-02 00:09:00.978
				INFO [restartedMain]o.s.d.r.config.RepositoryConfigurationExtensionSupport.isStrictRepositoryCandidate:297 -Spring Data Redis - Could not safely identify store assignment for repository candidate interface net.xdclass.base_project.repository.ArticleRepository.
2018-12-02 00:09:01.041
				INFO [restartedMain]o.s.c.s.PostProcessorRegistrationDelegate$BeanPostProcessorChecker.postProcessAfterInitialization:328 -Bean 'org.springframework.transaction.annotation.ProxyTransactionManagementConfiguration' of type [org.springframework.transaction.annotation.ProxyTransactionManagementConfiguration$$EnhancerBySpringCGLIB$$ebe971e5] is not eligible for getting processed by all BeanPostProcessors (for example: not eligible for auto-proxying)
2018-12-02 00:09:01.301
				INFO [restartedMain]o.s.boot.web.embedded.tomcat.TomcatWebServer.initialize:91 -Tomcat initialized with port(s): 8080 (http)
2018-12-02 00:09:01.302
				INFO [restartedMain]org.apache.coyote.http11.Http11NioProtocol.log:180 -Initializing ProtocolHandler ["http-nio-8080"]
2018-12-02 00:09:01.302
				INFO [restartedMain]org.apache.catalina.core.StandardService.log:180 -Starting service [Tomcat]
2018-12-02 00:09:01.302
				INFO [restartedMain]org.apache.catalina.core.StandardEngine.log:180 -Starting Servlet Engine: Apache Tomcat/8.5.29
2018-12-02 00:09:01.366
				INFO [localhost-startStop-1]o.a.catalina.core.ContainerBase.[Tomcat].[localhost].[/].log:180 -Initializing Spring embedded WebApplicationContext
2018-12-02 00:09:01.368
				INFO [localhost-startStop-1]org.springframework.web.context.ContextLoader.prepareWebApplicationContext:285 -Root WebApplicationContext: initialization completed in 792 ms
2018-12-02 00:09:01.403
				INFO [localhost-startStop-1]o.s.boot.web.servlet.ServletRegistrationBean.addRegistration:185 -Servlet dispatcherServlet mapped to [/]
2018-12-02 00:09:01.403
				INFO [localhost-startStop-1]o.s.boot.web.servlet.FilterRegistrationBean.configure:244 -Mapping filter: 'characterEncodingFilter' to: [/*]
2018-12-02 00:09:01.404
				INFO [localhost-startStop-1]o.s.boot.web.servlet.FilterRegistrationBean.configure:244 -Mapping filter: 'hiddenHttpMethodFilter' to: [/*]
2018-12-02 00:09:01.404
				INFO [localhost-startStop-1]o.s.boot.web.servlet.FilterRegistrationBean.configure:244 -Mapping filter: 'httpPutFormContentFilter' to: [/*]
2018-12-02 00:09:01.404
				INFO [localhost-startStop-1]o.s.boot.web.servlet.FilterRegistrationBean.configure:244 -Mapping filter: 'requestContextFilter' to: [/*]
2018-12-02 00:09:01.430
				INFO [restartedMain]org.elasticsearch.plugins.PluginsService.logPluginInfo:176 -no modules loaded
2018-12-02 00:09:01.430
				INFO [restartedMain]org.elasticsearch.plugins.PluginsService.logPluginInfo:179 -loaded plugin [org.elasticsearch.index.reindex.ReindexPlugin]
2018-12-02 00:09:01.431
				INFO [restartedMain]org.elasticsearch.plugins.PluginsService.logPluginInfo:179 -loaded plugin [org.elasticsearch.join.ParentJoinPlugin]
2018-12-02 00:09:01.431
				INFO [restartedMain]org.elasticsearch.plugins.PluginsService.logPluginInfo:179 -loaded plugin [org.elasticsearch.percolator.PercolatorPlugin]
2018-12-02 00:09:01.431
				INFO [restartedMain]org.elasticsearch.plugins.PluginsService.logPluginInfo:179 -loaded plugin [org.elasticsearch.script.mustache.MustachePlugin]
2018-12-02 00:09:01.431
				INFO [restartedMain]org.elasticsearch.plugins.PluginsService.logPluginInfo:179 -loaded plugin [org.elasticsearch.transport.Netty3Plugin]
2018-12-02 00:09:01.431
				INFO [restartedMain]org.elasticsearch.plugins.PluginsService.logPluginInfo:179 -loaded plugin [org.elasticsearch.transport.Netty4Plugin]
2018-12-02 00:09:01.458
				INFO [restartedMain]o.s.data.elasticsearch.client.TransportClientFactoryBean.buildClient:98 -adding transport node : localhost:9300
2018-12-02 00:09:01.670
				INFO [restartedMain]o.s.web.servlet.handler.SimpleUrlHandlerMapping.registerHandler:373 -Mapped URL path [/**/favicon.ico] onto handler of type [class org.springframework.web.servlet.resource.ResourceHttpRequestHandler]
2018-12-02 00:09:01.754
				INFO [restartedMain]o.s.w.s.m.method.annotation.RequestMappingHandlerAdapter.initControllerAdviceCache:574 -Looking for @ControllerAdvice: org.springframework.boot.web.servlet.context.AnnotationConfigServletWebServerApplicationContext@54935dc3: startup date [Sun Dec 02 00:09:00 EST 2018]; root of context hierarchy
2018-12-02 00:09:01.764
				INFO [restartedMain]o.s.w.s.m.method.annotation.RequestMappingHandlerMapping.register:547 -Mapped "{[/api/v1/article/save],methods=[GET]}" onto public java.lang.Object net.xdclass.base_project.controller.ArticleController.save()
2018-12-02 00:09:01.764
				INFO [restartedMain]o.s.w.s.m.method.annotation.RequestMappingHandlerMapping.register:547 -Mapped "{[/api/v1/article/search],methods=[GET]}" onto public java.lang.Object net.xdclass.base_project.controller.ArticleController.search(java.lang.String)
2018-12-02 00:09:01.765
				INFO [restartedMain]o.s.w.s.m.method.annotation.RequestMappingHandlerMapping.register:547 -Mapped "{[/api/v1/redis/add],methods=[GET]}" onto public java.lang.Object net.xdclass.base_project.controller.RedisTestController.add()
2018-12-02 00:09:01.766
				INFO [restartedMain]o.s.w.s.m.method.annotation.RequestMappingHandlerMapping.register:547 -Mapped "{[/api/v1/redis/get],methods=[GET]}" onto public java.lang.Object net.xdclass.base_project.controller.RedisTestController.get()
2018-12-02 00:09:01.766
				INFO [restartedMain]o.s.w.s.m.method.annotation.RequestMappingHandlerMapping.register:547 -Mapped "{[/api/v1/redis/setuser],methods=[GET]}" onto public java.lang.Object net.xdclass.base_project.controller.RedisTestController.setUser()
2018-12-02 00:09:01.766
				INFO [restartedMain]o.s.w.s.m.method.annotation.RequestMappingHandlerMapping.register:547 -Mapped "{[/api/v1/redis/getuser],methods=[GET]}" onto public java.lang.Object net.xdclass.base_project.controller.RedisTestController.getUser()
2018-12-02 00:09:01.768
				INFO [restartedMain]o.s.w.s.m.method.annotation.RequestMappingHandlerMapping.register:547 -Mapped "{[/api/v1/user/add],methods=[GET]}" onto public java.lang.Object net.xdclass.base_project.controller.UserController.add()
2018-12-02 00:09:01.768
				INFO [restartedMain]o.s.w.s.m.method.annotation.RequestMappingHandlerMapping.register:547 -Mapped "{[/api/v1/user/update],methods=[GET]}" onto public java.lang.Object net.xdclass.base_project.controller.UserController.update(java.lang.String,int)
2018-12-02 00:09:01.768
				INFO [restartedMain]o.s.w.s.m.method.annotation.RequestMappingHandlerMapping.register:547 -Mapped "{[/api/v1/user/findAll],methods=[GET]}" onto public java.lang.Object net.xdclass.base_project.controller.UserController.findAll()
2018-12-02 00:09:01.769
				INFO [restartedMain]o.s.w.s.m.method.annotation.RequestMappingHandlerMapping.register:547 -Mapped "{[/api/v1/user/findById],methods=[GET]}" onto public java.lang.Object net.xdclass.base_project.controller.UserController.findById(long)
2018-12-02 00:09:01.769
				INFO [restartedMain]o.s.w.s.m.method.annotation.RequestMappingHandlerMapping.register:547 -Mapped "{[/api/v1/user/transac],methods=[GET]}" onto public java.lang.Object net.xdclass.base_project.controller.UserController.transac()
2018-12-02 00:09:01.769
				INFO [restartedMain]o.s.w.s.m.method.annotation.RequestMappingHandlerMapping.register:547 -Mapped "{[/api/v1/user/del_by_id],methods=[GET]}" onto public java.lang.Object net.xdclass.base_project.controller.UserController.delById(long)
2018-12-02 00:09:01.770
				INFO [restartedMain]o.s.w.s.m.method.annotation.RequestMappingHandlerMapping.register:547 -Mapped "{[/api/v1/user/test/async],methods=[GET]}" onto public net.xdclass.base_project.domain.JsonData net.xdclass.base_project.controller.UserController.async()
2018-12-02 00:09:01.771
				INFO [restartedMain]o.s.w.s.m.method.annotation.RequestMappingHandlerMapping.register:547 -Mapped "{[/error]}" onto public org.springframework.http.ResponseEntity<java.util.Map<java.lang.String, java.lang.Object>> org.springframework.boot.autoconfigure.web.servlet.error.BasicErrorController.error(javax.servlet.http.HttpServletRequest)
2018-12-02 00:09:01.772
				INFO [restartedMain]o.s.w.s.m.method.annotation.RequestMappingHandlerMapping.register:547 -Mapped "{[/error],produces=[text/html]}" onto public org.springframework.web.servlet.ModelAndView org.springframework.boot.autoconfigure.web.servlet.error.BasicErrorController.errorHtml(javax.servlet.http.HttpServletRequest,javax.servlet.http.HttpServletResponse)
2018-12-02 00:09:01.792
				INFO [restartedMain]o.s.web.servlet.handler.SimpleUrlHandlerMapping.registerHandler:373 -Mapped URL path [/webjars/**] onto handler of type [class org.springframework.web.servlet.resource.ResourceHttpRequestHandler]
2018-12-02 00:09:01.793
				INFO [restartedMain]o.s.web.servlet.handler.SimpleUrlHandlerMapping.registerHandler:373 -Mapped URL path [/**] onto handler of type [class org.springframework.web.servlet.resource.ResourceHttpRequestHandler]
2018-12-02 00:09:01.888
				INFO [restartedMain]o.s.boot.devtools.autoconfigure.OptionalLiveReloadServer.startServer:57 -LiveReload server is running on port 35729
2018-12-02 00:09:01.899
				INFO [restartedMain]o.s.jmx.export.annotation.AnnotationMBeanExporter.afterSingletonsInstantiated:433 -Registering beans for JMX exposure on startup
2018-12-02 00:09:01.900
				INFO [restartedMain]o.s.jmx.export.annotation.AnnotationMBeanExporter.autodetect:895 -Bean with name 'dataSource' has been autodetected for JMX exposure
2018-12-02 00:09:01.902
				INFO [restartedMain]o.s.jmx.export.annotation.AnnotationMBeanExporter.registerBeanInstance:668 -Located MBean 'dataSource': registering with JMX server as MBean [com.alibaba.druid.pool:name=dataSource,type=DruidDataSource]
2018-12-02 00:09:01.907
				INFO [restartedMain]org.apache.coyote.http11.Http11NioProtocol.log:180 -Starting ProtocolHandler ["http-nio-8080"]
2018-12-02 00:09:01.909
				INFO [restartedMain]org.apache.tomcat.util.net.NioSelectorPool.log:180 -Using a shared selector for servlet write/read
2018-12-02 00:09:01.913
				INFO [restartedMain]o.s.boot.web.embedded.tomcat.TomcatWebServer.start:206 -Tomcat started on port(s): 8080 (http) with context path ''
2018-12-02 00:09:01.914
				INFO [restartedMain]net.xdclass.base_project.XdclassApplication.logStarted:59 -Started XdclassApplication in 1.384 seconds (JVM running for 624.854)
2018-12-02 00:09:01.917
				INFO [restartedMain]o.s.b.d.a.ConditionEvaluationDeltaLoggingListener.onApplicationEvent:56 -Condition evaluation unchanged
2018-12-02 00:09:24.620
				INFO [http-nio-8080-exec-2]o.a.catalina.core.ContainerBase.[Tomcat].[localhost].[/].log:180 -Initializing Spring FrameworkServlet 'dispatcherServlet'
2018-12-02 00:09:24.620
				INFO [http-nio-8080-exec-2]org.springframework.web.servlet.DispatcherServlet.initServletBean:494 -FrameworkServlet 'dispatcherServlet': initialization started
2018-12-02 00:09:24.623
				INFO [http-nio-8080-exec-2]org.springframework.web.servlet.DispatcherServlet.initServletBean:509 -FrameworkServlet 'dispatcherServlet': initialization completed in 3 ms
